<?xml version="1.0" encoding="UTF-8"?>
<!-- Generated by org.testng.reporters.JUnitReportReporter -->
<testsuite hostname="t1700-27" name="ex5.Annotation_02" tests="1" failures="0" timestamp="15 Jun 2016 19:41:10 GMT" time="0.000" errors="0">
  <testcase name="test3" time="0.000" classname="ex5.Annotation_02"/>
</testsuite> <!-- ex5.Annotation_02 -->
