<?xml version="1.0" encoding="UTF-8"?>
<!-- Generated by org.testng.reporters.JUnitReportReporter -->
<testsuite hostname="t1700-27" name="ex5.LoginTest" tests="3" failures="0" timestamp="15 Jun 2016 21:59:26 GMT" time="0.007" errors="0">
  <testcase name="loginviatwitter" time="0.001" classname="ex5.LoginTest"/>
  <testcase name="loginViaFacebook" time="0.006" classname="ex5.LoginTest"/>
  <testcase name="loginviaEmail" time="0.000" classname="ex5.LoginTest"/>
</testsuite> <!-- ex5.LoginTest -->
